<?xml version="1.0" encoding="UTF-8"?>
<!-- Generated by org.testng.reporters.JUnitXMLReporter -->
<testsuite ignored="0" hostname="DESKTOP-02956BS" failures="0" tests="1" name="Test-Runner-1" time="49.977" errors="0" timestamp="2023-01-17T18:07:54 IST">
  <testcase classname="TestingControls.CreateStudentTest" name="createstudentTest" time="25.325"/>
</testsuite> <!-- Test-Runner-1 -->
