<?xml version="1.0" encoding="UTF-8"?>
<!-- Generated by org.testng.reporters.JUnitXMLReporter -->
<testsuite ignored="0" hostname="DESKTOP-02956BS" failures="0" tests="1" name="Test-Runner-2" time="45.326" errors="0" timestamp="2023-01-17T18:07:53 IST">
  <testcase classname="TestingControls.CreateFormTest" name="createFormTest" time="18.263"/>
</testsuite> <!-- Test-Runner-2 -->
