<?xml version="1.0" encoding="UTF-8"?>
<!-- Generated by org.testng.reporters.JUnitReportReporter -->
<testsuite hostname="DESKTOP-02956BS" failures="0" tests="1" name="TestingControls.ControlsTest" time="3.529" errors="0" timestamp="2023-01-16T16:03:25 IST" skipped="0">
  <testcase classname="TestingControls.ControlsTest" name="AccordianControlTest" time="3.529"/>
  <system-out>
    <![CDATA[Accordian Control Operations done Succesfully]]>
  </system-out>
</testsuite> <!-- TestingControls.ControlsTest -->
