<?xml version="1.0" encoding="UTF-8"?>
<!-- Generated by org.testng.reporters.JUnitReportReporter -->
<testsuite hostname="DESKTOP-02956BS" failures="0" tests="1" name="HomeTest.createStudentTest" time="24.473" errors="0" timestamp="2023-01-13T15:58:43 IST" skipped="0">
  <testcase classname="HomeTest.createStudentTest" name="createstudentTest" time="24.473"/>
  <system-out/>
</testsuite> <!-- HomeTest.createStudentTest -->
