<?xml version="1.0" encoding="UTF-8"?>
<!-- Generated by org.testng.reporters.JUnitReportReporter -->
<testsuite hostname="DESKTOP-02956BS" failures="0" tests="10" name="TestingControls.ControlsTest" time="62.227" errors="0" timestamp="2023-01-17T17:29:43 IST" skipped="0">
  <testcase classname="TestingControls.ControlsTest" name="AccordianControlTest" time="1.635"/>
  <system-out>
    <![CDATA[Accordian Control Operations done Succesfully]]>
  </system-out>
  <testcase classname="TestingControls.ControlsTest" name="doubleClickTest" time="12.793"/>
  <system-out>
    <![CDATA[Double Click Operation Done Succesfully]]>
  </system-out>
  <testcase classname="TestingControls.ControlsTest" name="dragAndDropTest" time="10.503"/>
  <system-out>
    <![CDATA[Drag and Drop Operation done Successfully]]>
  </system-out>
  <testcase classname="TestingControls.ControlsTest" name="UiTestNewTabTest" time="2.214"/>
  <system-out>
    <![CDATA[Clicked on the Link
New Tab Operation done Succesfully]]>
  </system-out>
  <testcase classname="TestingControls.ControlsTest" name="IFrameTest" time="4.767"/>
  <system-out>
    <![CDATA[Switched to Frame Page
Switched to Main WebPage
IFrame operation Done Succesfully]]>
  </system-out>
  <testcase classname="TestingControls.ControlsTest" name="dragAndDropTest" time="10.375"/>
  <system-out>
    <![CDATA[Drag and Drop Operation done Successfully]]>
  </system-out>
  <testcase classname="TestingControls.ControlsTest" name="UiTestNewTabTest" time="4.588"/>
  <system-out>
    <![CDATA[Clicked on the Link
New Tab Operation done Succesfully]]>
  </system-out>
  <testcase classname="TestingControls.ControlsTest" name="AccordianControlTest" time="2.692"/>
  <system-out>
    <![CDATA[Accordian Control Operations done Succesfully]]>
  </system-out>
  <testcase classname="TestingControls.ControlsTest" name="IFrameTest" time="5.701"/>
  <system-out>
    <![CDATA[Switched to Frame Page
Switched to Main WebPage
IFrame operation Done Succesfully]]>
  </system-out>
  <testcase classname="TestingControls.ControlsTest" name="doubleClickTest" time="6.959"/>
  <system-out>
    <![CDATA[Double Click Operation Done Succesfully]]>
  </system-out>
</testsuite> <!-- TestingControls.ControlsTest -->
