<?xml version="1.0" encoding="UTF-8"?>
<!-- Generated by org.testng.reporters.JUnitReportReporter -->
<testsuite hostname="DESKTOP-02956BS" failures="0" tests="1" name="TestingControls.CreateStudentTest" time="25.326" errors="0" timestamp="2023-01-17T18:07:55 IST" skipped="0">
  <testcase classname="TestingControls.CreateStudentTest" name="createstudentTest" time="25.326"/>
  <system-out>
    <![CDATA[Created Student Succesfully]]>
  </system-out>
</testsuite> <!-- TestingControls.CreateStudentTest -->
